<?xml version="1.0" encoding="UTF-8"?>
<coverage generated="1764336687216" clover="3.2.0">
  <project timestamp="1764336687216" name="All files">
    <metrics statements="35" coveredstatements="31" conditionals="23" coveredconditionals="20" methods="17" coveredmethods="16" elements="75" coveredelements="67" complexity="0" loc="35" ncloc="35" packages="1" files="5" classes="5"/>
    <file name="Avatar.jsx" path="/home/timothe/demperm/src/client/web/src/components/ui/Avatar.jsx">
      <metrics statements="2" coveredstatements="2" conditionals="5" coveredconditionals="5" methods="1" coveredmethods="1"/>
      <line num="4" count="1" type="stmt"/>
      <line num="12" count="4" type="stmt"/>
    </file>
    <file name="Button.jsx" path="/home/timothe/demperm/src/client/web/src/components/ui/Button.jsx">
      <metrics statements="3" coveredstatements="3" conditionals="2" coveredconditionals="2" methods="1" coveredmethods="1"/>
      <line num="4" count="1" type="stmt"/>
      <line num="11" count="1" type="stmt"/>
      <line num="28" count="4" type="stmt"/>
    </file>
    <file name="Card.jsx" path="/home/timothe/demperm/src/client/web/src/components/ui/Card.jsx">
      <metrics statements="6" coveredstatements="6" conditionals="0" coveredconditionals="0" methods="6" coveredmethods="6"/>
      <line num="6" count="2" type="stmt"/>
      <line num="11" count="1" type="stmt"/>
      <line num="16" count="1" type="stmt"/>
      <line num="21" count="1" type="stmt"/>
      <line num="26" count="1" type="stmt"/>
      <line num="31" count="1" type="stmt"/>
    </file>
    <file name="Input.jsx" path="/home/timothe/demperm/src/client/web/src/components/ui/Input.jsx">
      <metrics statements="3" coveredstatements="3" conditionals="6" coveredconditionals="6" methods="1" coveredmethods="1"/>
      <line num="8" count="1" type="stmt"/>
      <line num="10" count="3" type="cond" truecount="2" falsecount="0"/>
      <line num="11" count="3" type="stmt"/>
    </file>
    <file name="Tabs.jsx" path="/home/timothe/demperm/src/client/web/src/components/ui/Tabs.jsx">
      <metrics statements="21" coveredstatements="17" conditionals="10" coveredconditionals="7" methods="8" coveredmethods="7"/>
      <line num="5" count="1" type="stmt"/>
      <line num="9" count="5" type="stmt"/>
      <line num="10" count="5" type="cond" truecount="2" falsecount="0"/>
      <line num="12" count="5" type="stmt"/>
      <line num="13" count="5" type="stmt"/>
      <line num="16" count="2" type="cond" truecount="2" falsecount="0"/>
      <line num="17" count="1" type="stmt"/>
      <line num="19" count="2" type="stmt"/>
      <line num="25" count="5" type="stmt"/>
      <line num="30" count="4" type="stmt"/>
      <line num="35" count="10" type="stmt"/>
      <line num="36" count="10" type="stmt"/>
      <line num="38" count="10" type="stmt"/>
      <line num="41" count="2" type="stmt"/>
      <line num="54" count="0" type="stmt"/>
      <line num="55" count="0" type="cond" truecount="0" falsecount="2"/>
      <line num="56" count="0" type="stmt"/>
      <line num="60" count="10" type="stmt"/>
      <line num="61" count="10" type="cond" truecount="1" falsecount="1"/>
      <line num="62" count="0" type="stmt"/>
      <line num="64" count="10" type="stmt"/>
    </file>
  </project>
</coverage>
