{"/home/timothe/demperm/src/client/web/src/components/ui/Avatar.jsx": {"path":"/home/timothe/demperm/src/client/web/src/components/ui/Avatar.jsx","statementMap":{"0":{"start":{"line":4,"column":16},"end":{"line":8,"column":null}},"1":{"start":{"line":12,"column":2},"end":{"line":21,"column":null}}},"fnMap":{"0":{"name":"Avatar","decl":{"start":{"line":11,"column":16},"end":{"line":11,"column":23}},"loc":{"start":{"line":11,"column":60},"end":{"line":23,"column":null}},"line":11}},"branchMap":{"0":{"loc":{"start":{"line":11,"column":35},"end":{"line":11,"column":48}},"type":"default-arg","locations":[{"start":{"line":11,"column":42},"end":{"line":11,"column":48}}],"line":11},"1":{"loc":{"start":{"line":14,"column":7},"end":{"line":19,"column":null}},"type":"cond-expr","locations":[{"start":{"line":15,"column":8},"end":{"line":15,"column":null}},{"start":{"line":17,"column":8},"end":{"line":19,"column":null}}],"line":14},"2":{"loc":{"start":{"line":18,"column":11},"end":{"line":18,"column":null}},"type":"binary-expr","locations":[{"start":{"line":18,"column":11},"end":{"line":18,"column":23}},{"start":{"line":18,"column":23},"end":{"line":18,"column":null}}],"line":18}},"s":{"0":1,"1":4},"f":{"0":4},"b":{"0":[4],"1":[1,3],"2":[3,1]},"meta":{"lastBranch":3,"lastFunction":1,"lastStatement":2,"seen":{"s:4:16:8:Infinity":0,"f:11:16:11:23":0,"b:11:42:11:48":0,"s:12:2:21:Infinity":1,"b:15:8:15:Infinity:17:8:19:Infinity":1,"b:18:11:18:23:18:23:18:Infinity":2}}}
,"/home/timothe/demperm/src/client/web/src/components/ui/Button.jsx": {"path":"/home/timothe/demperm/src/client/web/src/components/ui/Button.jsx","statementMap":{"0":{"start":{"line":4,"column":23},"end":{"line":9,"column":null}},"1":{"start":{"line":11,"column":20},"end":{"line":15,"column":null}},"2":{"start":{"line":28,"column":2},"end":{"line":40,"column":null}}},"fnMap":{"0":{"name":"Button","decl":{"start":{"line":20,"column":16},"end":{"line":20,"column":23}},"loc":{"start":{"line":27,"column":3},"end":{"line":42,"column":null}},"line":27}},"branchMap":{"0":{"loc":{"start":{"line":21,"column":2},"end":{"line":21,"column":null}},"type":"default-arg","locations":[{"start":{"line":21,"column":12},"end":{"line":21,"column":null}}],"line":21},"1":{"loc":{"start":{"line":22,"column":2},"end":{"line":22,"column":null}},"type":"default-arg","locations":[{"start":{"line":22,"column":9},"end":{"line":22,"column":null}}],"line":22}},"s":{"0":1,"1":1,"2":4},"f":{"0":4},"b":{"0":[4],"1":[4]},"meta":{"lastBranch":2,"lastFunction":1,"lastStatement":3,"seen":{"s:4:23:9:Infinity":0,"s:11:20:15:Infinity":1,"f:20:16:20:23":0,"b:21:12:21:Infinity":0,"b:22:9:22:Infinity":1,"s:28:2:40:Infinity":2}}}
,"/home/timothe/demperm/src/client/web/src/components/ui/Card.jsx": {"path":"/home/timothe/demperm/src/client/web/src/components/ui/Card.jsx","statementMap":{"0":{"start":{"line":6,"column":2},"end":{"line":6,"column":null}},"1":{"start":{"line":11,"column":2},"end":{"line":11,"column":null}},"2":{"start":{"line":16,"column":2},"end":{"line":16,"column":null}},"3":{"start":{"line":21,"column":2},"end":{"line":21,"column":null}},"4":{"start":{"line":26,"column":2},"end":{"line":26,"column":null}},"5":{"start":{"line":31,"column":2},"end":{"line":35,"column":null}}},"fnMap":{"0":{"name":"Card","decl":{"start":{"line":5,"column":16},"end":{"line":5,"column":21}},"loc":{"start":{"line":5,"column":46},"end":{"line":7,"column":null}},"line":5},"1":{"name":"CardHeader","decl":{"start":{"line":10,"column":16},"end":{"line":10,"column":27}},"loc":{"start":{"line":10,"column":52},"end":{"line":12,"column":null}},"line":10},"2":{"name":"CardTitle","decl":{"start":{"line":15,"column":16},"end":{"line":15,"column":26}},"loc":{"start":{"line":15,"column":51},"end":{"line":17,"column":null}},"line":15},"3":{"name":"CardDescription","decl":{"start":{"line":20,"column":16},"end":{"line":20,"column":32}},"loc":{"start":{"line":20,"column":57},"end":{"line":22,"column":null}},"line":20},"4":{"name":"CardContent","decl":{"start":{"line":25,"column":16},"end":{"line":25,"column":28}},"loc":{"start":{"line":25,"column":53},"end":{"line":27,"column":null}},"line":25},"5":{"name":"StatValue","decl":{"start":{"line":29,"column":16},"end":{"line":29,"column":26}},"loc":{"start":{"line":29,"column":44},"end":{"line":37,"column":null}},"line":29}},"branchMap":{},"s":{"0":2,"1":1,"2":1,"3":1,"4":1,"5":1},"f":{"0":2,"1":1,"2":1,"3":1,"4":1,"5":1},"b":{},"meta":{"lastBranch":0,"lastFunction":6,"lastStatement":6,"seen":{"f:5:16:5:21":0,"s:6:2:6:Infinity":0,"f:10:16:10:27":1,"s:11:2:11:Infinity":1,"f:15:16:15:26":2,"s:16:2:16:Infinity":2,"f:20:16:20:32":3,"s:21:2:21:Infinity":3,"f:25:16:25:28":4,"s:26:2:26:Infinity":4,"f:29:16:29:26":5,"s:31:2:35:Infinity":5}}}
,"/home/timothe/demperm/src/client/web/src/components/ui/Input.jsx": {"path":"/home/timothe/demperm/src/client/web/src/components/ui/Input.jsx","statementMap":{"0":{"start":{"line":8,"column":13},"end":{"line":25,"column":null}},"1":{"start":{"line":10,"column":18},"end":{"line":10,"column":null}},"2":{"start":{"line":11,"column":2},"end":{"line":23,"column":null}}},"fnMap":{"0":{"name":"Input2","decl":{"start":{"line":8,"column":41},"end":{"line":8,"column":47}},"loc":{"start":{"line":8,"column":96},"end":{"line":25,"column":1}},"line":8}},"branchMap":{"0":{"loc":{"start":{"line":10,"column":18},"end":{"line":10,"column":null}},"type":"cond-expr","locations":[{"start":{"line":10,"column":26},"end":{"line":10,"column":36}},{"start":{"line":10,"column":36},"end":{"line":10,"column":null}}],"line":10},"1":{"loc":{"start":{"line":13,"column":7},"end":{"line":13,"column":null}},"type":"binary-expr","locations":[{"start":{"line":13,"column":7},"end":{"line":13,"column":16}},{"start":{"line":13,"column":16},"end":{"line":13,"column":null}}],"line":13},"2":{"loc":{"start":{"line":22,"column":7},"end":{"line":22,"column":null}},"type":"binary-expr","locations":[{"start":{"line":22,"column":7},"end":{"line":22,"column":21}},{"start":{"line":22,"column":21},"end":{"line":22,"column":null}}],"line":22}},"s":{"0":1,"1":3,"2":3},"f":{"0":3},"b":{"0":[1,2],"1":[3,1],"2":[3,1]},"meta":{"lastBranch":3,"lastFunction":1,"lastStatement":3,"seen":{"s:8:13:25:Infinity":0,"f:8:41:8:47":0,"s:10:18:10:Infinity":1,"b:10:26:10:36:10:36:10:Infinity":0,"s:11:2:23:Infinity":2,"b:13:7:13:16:13:16:13:Infinity":1,"b:22:7:22:21:22:21:22:Infinity":2}}}
,"/home/timothe/demperm/src/client/web/src/components/ui/Tabs.jsx": {"path":"/home/timothe/demperm/src/client/web/src/components/ui/Tabs.jsx","statementMap":{"0":{"start":{"line":5,"column":6},"end":{"line":5,"column":null}},"1":{"start":{"line":9,"column":30},"end":{"line":9,"column":null}},"2":{"start":{"line":10,"column":22},"end":{"line":10,"column":null}},"3":{"start":{"line":12,"column":8},"end":{"line":23,"column":null}},"4":{"start":{"line":13,"column":11},"end":{"line":21,"column":null}},"5":{"start":{"line":16,"column":8},"end":{"line":18,"column":null}},"6":{"start":{"line":17,"column":10},"end":{"line":17,"column":null}},"7":{"start":{"line":19,"column":8},"end":{"line":19,"column":null}},"8":{"start":{"line":25,"column":2},"end":{"line":25,"column":null}},"9":{"start":{"line":30,"column":2},"end":{"line":30,"column":null}},"10":{"start":{"line":35,"column":14},"end":{"line":35,"column":null}},"11":{"start":{"line":36,"column":19},"end":{"line":36,"column":null}},"12":{"start":{"line":38,"column":2},"end":{"line":48,"column":null}},"13":{"start":{"line":41,"column":21},"end":{"line":41,"column":null}},"14":{"start":{"line":54,"column":14},"end":{"line":54,"column":null}},"15":{"start":{"line":55,"column":2},"end":{"line":55,"column":null}},"16":{"start":{"line":55,"column":28},"end":{"line":55,"column":null}},"17":{"start":{"line":56,"column":2},"end":{"line":56,"column":null}},"18":{"start":{"line":60,"column":8},"end":{"line":60,"column":null}},"19":{"start":{"line":61,"column":2},"end":{"line":63,"column":null}},"20":{"start":{"line":62,"column":4},"end":{"line":62,"column":null}},"21":{"start":{"line":64,"column":2},"end":{"line":64,"column":null}}},"fnMap":{"0":{"name":"Tabs","decl":{"start":{"line":7,"column":16},"end":{"line":7,"column":21}},"loc":{"start":{"line":7,"column":71},"end":{"line":26,"column":null}},"line":7},"1":{"name":"(anonymous_1)","decl":{"start":{"line":13,"column":4},"end":{"line":13,"column":11}},"loc":{"start":{"line":13,"column":11},"end":{"line":21,"column":null}},"line":13},"2":{"name":"(anonymous_2)","decl":{"start":{"line":15,"column":17},"end":{"line":15,"column":18}},"loc":{"start":{"line":15,"column":27},"end":{"line":20,"column":null}},"line":15},"3":{"name":"TabsList","decl":{"start":{"line":29,"column":16},"end":{"line":29,"column":25}},"loc":{"start":{"line":29,"column":39},"end":{"line":31,"column":null}},"line":29},"4":{"name":"TabsTrigger","decl":{"start":{"line":34,"column":16},"end":{"line":34,"column":28}},"loc":{"start":{"line":34,"column":49},"end":{"line":50,"column":null}},"line":34},"5":{"name":"(anonymous_5)","decl":{"start":{"line":41,"column":15},"end":{"line":41,"column":21}},"loc":{"start":{"line":41,"column":21},"end":{"line":41,"column":null}},"line":41},"6":{"name":"TabsContent","decl":{"start":{"line":53,"column":16},"end":{"line":53,"column":28}},"loc":{"start":{"line":53,"column":49},"end":{"line":57,"column":null}},"line":53},"7":{"name":"useTabsContext","decl":{"start":{"line":59,"column":9},"end":{"line":59,"column":26}},"loc":{"start":{"line":59,"column":26},"end":{"line":65,"column":null}},"line":59}},"branchMap":{"0":{"loc":{"start":{"line":10,"column":22},"end":{"line":10,"column":null}},"type":"binary-expr","locations":[{"start":{"line":10,"column":22},"end":{"line":10,"column":31}},{"start":{"line":10,"column":31},"end":{"line":10,"column":null}}],"line":10},"1":{"loc":{"start":{"line":16,"column":8},"end":{"line":18,"column":null}},"type":"if","locations":[{"start":{"line":16,"column":8},"end":{"line":18,"column":null}},{"start":{},"end":{}}],"line":16},"2":{"loc":{"start":{"line":44,"column":8},"end":{"line":44,"column":null}},"type":"cond-expr","locations":[{"start":{"line":44,"column":19},"end":{"line":44,"column":58}},{"start":{"line":44,"column":58},"end":{"line":44,"column":null}}],"line":44},"3":{"loc":{"start":{"line":55,"column":2},"end":{"line":55,"column":null}},"type":"if","locations":[{"start":{"line":55,"column":2},"end":{"line":55,"column":null}},{"start":{},"end":{}}],"line":55},"4":{"loc":{"start":{"line":61,"column":2},"end":{"line":63,"column":null}},"type":"if","locations":[{"start":{"line":61,"column":2},"end":{"line":63,"column":null}},{"start":{},"end":{}}],"line":61}},"s":{"0":1,"1":5,"2":5,"3":5,"4":5,"5":2,"6":1,"7":2,"8":5,"9":4,"10":10,"11":10,"12":10,"13":2,"14":0,"15":0,"16":0,"17":0,"18":10,"19":10,"20":0,"21":10},"f":{"0":5,"1":5,"2":2,"3":4,"4":10,"5":2,"6":0,"7":10},"b":{"0":[5,3],"1":[1,1],"2":[5,5],"3":[0,0],"4":[0,10]},"meta":{"lastBranch":5,"lastFunction":8,"lastStatement":22,"seen":{"s:5:6:5:Infinity":0,"f:7:16:7:21":0,"s:9:30:9:Infinity":1,"s:10:22:10:Infinity":2,"b:10:22:10:31:10:31:10:Infinity":0,"s:12:8:23:Infinity":3,"f:13:4:13:11":1,"s:13:11:21:Infinity":4,"f:15:17:15:18":2,"b:16:8:18:Infinity:undefined:undefined:undefined:undefined":1,"s:16:8:18:Infinity":5,"s:17:10:17:Infinity":6,"s:19:8:19:Infinity":7,"s:25:2:25:Infinity":8,"f:29:16:29:25":3,"s:30:2:30:Infinity":9,"f:34:16:34:28":4,"s:35:14:35:Infinity":10,"s:36:19:36:Infinity":11,"s:38:2:48:Infinity":12,"f:41:15:41:21":5,"s:41:21:41:Infinity":13,"b:44:19:44:58:44:58:44:Infinity":2,"f:53:16:53:28":6,"s:54:14:54:Infinity":14,"b:55:2:55:Infinity:undefined:undefined:undefined:undefined":3,"s:55:2:55:Infinity":15,"s:55:28:55:Infinity":16,"s:56:2:56:Infinity":17,"f:59:9:59:26":7,"s:60:8:60:Infinity":18,"b:61:2:63:Infinity:undefined:undefined:undefined:undefined":4,"s:61:2:63:Infinity":19,"s:62:4:62:Infinity":20,"s:64:2:64:Infinity":21}}}
}
